<?xml version="1.0" encoding="UTF-8"?>
<!-- Generated by org.testng.reporters.JUnitXMLReporter -->
<testsuite ignored="0" hostname="Keerthana" failures="1" tests="5" name="Test" time="5.587" errors="0" timestamp="2024-07-12T17:40:15 IST">
  <testcase classname="com.js.tests.HomePageTest" name="mainPageTest" time="1.116"/>
  <testcase classname="com.js.tests.LoginPageTest" name="loginTest" time="0.429"/>
  <testcase classname="com.js.tests.ProductPageTest" name="addProduct" time="0.749"/>
  <testcase classname="com.js.tests.CheckoutPageTest" name="checkoutTest" time="0.674"/>
  <testcase classname="com.js.tests.AddressPageTest" name="testAddressPage" time="0.002">
    <failure type="java.lang.Error" message="Unresolved compilation problem: 
	The method clickAddress() is undefined for the type AddressPage
">
      <![CDATA[java.lang.Error: Unresolved compilation problem: 
The method clickAddress() is undefined for the type AddressPage

at com.js.tests.AddressPageTest.testAddressPage(AddressPageTest.java:13)
at java.base/java.util.ArrayList.forEach(ArrayList.java:1511)
... Removed 27 stack frames]]>
    </failure>
  </testcase> <!-- testAddressPage -->
</testsuite> <!-- Test -->
