<?xml version="1.0" encoding="UTF-8"?>
<testng-results ignored="0" total="5" passed="4" failed="1" skipped="0">
  <reporter-output>
  </reporter-output>
  <suite started-at="2024-07-12T22:41:14 IST" name="Suite" finished-at="2024-07-12T22:41:22 IST" duration-ms="7229">
    <groups>
    </groups>
    <test started-at="2024-07-12T22:41:14 IST" name="Home Page Test Case" finished-at="2024-07-12T22:41:18 IST" duration-ms="4088">
      <class name="com.js.tests.HomePageTest">
        <test-method is-config="true" signature="setUp()[pri:0, instance:com.js.tests.HomePageTest@20140db9]" started-at="2024-07-12T22:41:14 IST" name="setUp" finished-at="2024-07-12T22:41:17 IST" duration-ms="2762" status="PASS">
          <reporter-output>
          </reporter-output>
        </test-method> <!-- setUp -->
        <test-method signature="mainPageTest()[pri:0, instance:com.js.tests.HomePageTest@20140db9]" started-at="2024-07-12T22:41:17 IST" name="mainPageTest" finished-at="2024-07-12T22:41:18 IST" duration-ms="1258" status="PASS">
          <reporter-output>
          </reporter-output>
        </test-method> <!-- mainPageTest -->
      </class> <!-- com.js.tests.HomePageTest -->
    </test> <!-- Home Page Test Case -->
    <test started-at="2024-07-12T22:41:19 IST" name="Login Page Test Case" finished-at="2024-07-12T22:41:19 IST" duration-ms="484">
      <class name="com.js.tests.LoginPageTest">
        <test-method signature="loginTest()[pri:0, instance:com.js.tests.LoginPageTest@5386659f]" started-at="2024-07-12T22:41:19 IST" name="loginTest" finished-at="2024-07-12T22:41:19 IST" duration-ms="479" status="PASS">
          <reporter-output>
          </reporter-output>
        </test-method> <!-- loginTest -->
      </class> <!-- com.js.tests.LoginPageTest -->
    </test> <!-- Login Page Test Case -->
    <test started-at="2024-07-12T22:41:19 IST" name="Product Page Test Case" finished-at="2024-07-12T22:41:20 IST" duration-ms="898">
      <class name="com.js.tests.ProductPageTest">
        <test-method signature="addProduct()[pri:0, instance:com.js.tests.ProductPageTest@7ce026d3]" started-at="2024-07-12T22:41:19 IST" name="addProduct" finished-at="2024-07-12T22:41:20 IST" duration-ms="892" status="PASS">
          <reporter-output>
          </reporter-output>
        </test-method> <!-- addProduct -->
      </class> <!-- com.js.tests.ProductPageTest -->
    </test> <!-- Product Page Test Case -->
    <test started-at="2024-07-12T22:41:20 IST" name="Checkout Page Test Case" finished-at="2024-07-12T22:41:20 IST" duration-ms="221">
      <class name="com.js.tests.CheckoutPageTest">
        <test-method signature="checkoutTest()[pri:0, instance:com.js.tests.CheckoutPageTest@7e057f43]" started-at="2024-07-12T22:41:20 IST" name="checkoutTest" finished-at="2024-07-12T22:41:20 IST" duration-ms="216" status="PASS">
          <reporter-output>
          </reporter-output>
        </test-method> <!-- checkoutTest -->
      </class> <!-- com.js.tests.CheckoutPageTest -->
    </test> <!-- Checkout Page Test Case -->
    <test started-at="2024-07-12T22:41:20 IST" name="Address Page Test Case" finished-at="2024-07-12T22:41:22 IST" duration-ms="1393">
      <class name="com.js.tests.AddressPageTest">
        <test-method signature="testAddressPage()[pri:0, instance:com.js.tests.AddressPageTest@7c137fd5]" started-at="2024-07-12T22:41:20 IST" name="testAddressPage" finished-at="2024-07-12T22:41:22 IST" duration-ms="1383" status="FAIL">
          <exception class="org.openqa.selenium.ElementClickInterceptedException">
            <message>
              <![CDATA[element click intercepted: Element <mat-label _ngcontent-pbf-c81="" translate="" class="ng-tns-c21-16 ng-star-inserted">...</mat-label> is not clickable at point (383, 201). Other element would receive the click: <input _ngcontent-pbf-c81="" type="text" matinput="" class="mat-input-element mat-form-field-autofill-control ng-tns-c21-16 ng-untouched ng-pristine ng-invalid cdk-text-field-autofill-monitored" placeholder="Please provide a country." required="" id="mat-input-3" data-placeholder="Please provide a country." aria-required="true">
  (Session info: chrome=126.0.6478.127)
Build info: version: '4.22.0', revision: 'c5f3146703*'
System info: os.name: 'Windows 11', os.arch: 'amd64', os.version: '10.0', java.version: '17.0.9'
Driver info: org.openqa.selenium.chrome.ChromeDriver
Command: [05d1d9cf0839bd3ddd7bdc102bdc409e, clickElement {id=f.8888F0D7F1BAB094BFE56669DC80920C.d.6FCCC81A267E20D4F5F9D732D4462C6A.e.80}]
Capabilities {acceptInsecureCerts: false, browserName: chrome, browserVersion: 126.0.6478.127, chrome: {chromedriverVersion: 126.0.6478.126 (d36ace6122e..., userDataDir: C:\Users\jkeer\AppData\Loca...}, fedcm:accounts: true, goog:chromeOptions: {debuggerAddress: localhost:57568}, networkConnectionEnabled: false, pageLoadStrategy: normal, platformName: windows, proxy: Proxy(), se:cdp: ws://localhost:57568/devtoo..., se:cdpVersion: 126.0.6478.127, setWindowRect: true, strictFileInteractability: false, timeouts: {implicit: 0, pageLoad: 300000, script: 30000}, unhandledPromptBehavior: dismiss and notify, webauthn:extension:credBlob: true, webauthn:extension:largeBlob: true, webauthn:extension:minPinLength: true, webauthn:extension:prf: true, webauthn:virtualAuthenticators: true}
Element: [[ChromeDriver: chrome on windows (05d1d9cf0839bd3ddd7bdc102bdc409e)] -> xpath: //*[text()='Country']]
Session ID: 05d1d9cf0839bd3ddd7bdc102bdc409e]]>
            </message>
            <full-stacktrace>
              <![CDATA[org.openqa.selenium.ElementClickInterceptedException: element click intercepted: Element <mat-label _ngcontent-pbf-c81="" translate="" class="ng-tns-c21-16 ng-star-inserted">...</mat-label> is not clickable at point (383, 201). Other element would receive the click: <input _ngcontent-pbf-c81="" type="text" matinput="" class="mat-input-element mat-form-field-autofill-control ng-tns-c21-16 ng-untouched ng-pristine ng-invalid cdk-text-field-autofill-monitored" placeholder="Please provide a country." required="" id="mat-input-3" data-placeholder="Please provide a country." aria-required="true">
  (Session info: chrome=126.0.6478.127)
Build info: version: '4.22.0', revision: 'c5f3146703*'
System info: os.name: 'Windows 11', os.arch: 'amd64', os.version: '10.0', java.version: '17.0.9'
Driver info: org.openqa.selenium.chrome.ChromeDriver
Command: [05d1d9cf0839bd3ddd7bdc102bdc409e, clickElement {id=f.8888F0D7F1BAB094BFE56669DC80920C.d.6FCCC81A267E20D4F5F9D732D4462C6A.e.80}]
Capabilities {acceptInsecureCerts: false, browserName: chrome, browserVersion: 126.0.6478.127, chrome: {chromedriverVersion: 126.0.6478.126 (d36ace6122e..., userDataDir: C:\Users\jkeer\AppData\Loca...}, fedcm:accounts: true, goog:chromeOptions: {debuggerAddress: localhost:57568}, networkConnectionEnabled: false, pageLoadStrategy: normal, platformName: windows, proxy: Proxy(), se:cdp: ws://localhost:57568/devtoo..., se:cdpVersion: 126.0.6478.127, setWindowRect: true, strictFileInteractability: false, timeouts: {implicit: 0, pageLoad: 300000, script: 30000}, unhandledPromptBehavior: dismiss and notify, webauthn:extension:credBlob: true, webauthn:extension:largeBlob: true, webauthn:extension:minPinLength: true, webauthn:extension:prf: true, webauthn:virtualAuthenticators: true}
Element: [[ChromeDriver: chrome on windows (05d1d9cf0839bd3ddd7bdc102bdc409e)] -> xpath: //*[text()='Country']]
Session ID: 05d1d9cf0839bd3ddd7bdc102bdc409e
at java.base/jdk.internal.reflect.NativeConstructorAccessorImpl.newInstance0(Native Method)
at java.base/jdk.internal.reflect.NativeConstructorAccessorImpl.newInstance(NativeConstructorAccessorImpl.java:77)
at java.base/jdk.internal.reflect.DelegatingConstructorAccessorImpl.newInstance(DelegatingConstructorAccessorImpl.java:45)
at java.base/java.lang.reflect.Constructor.newInstanceWithCaller(Constructor.java:499)
at java.base/java.lang.reflect.Constructor.newInstance(Constructor.java:480)
at org.openqa.selenium.remote.ErrorCodec.decode(ErrorCodec.java:167)
at org.openqa.selenium.remote.codec.w3c.W3CHttpResponseCodec.decode(W3CHttpResponseCodec.java:138)
at org.openqa.selenium.remote.codec.w3c.W3CHttpResponseCodec.decode(W3CHttpResponseCodec.java:50)
at org.openqa.selenium.remote.HttpCommandExecutor.execute(HttpCommandExecutor.java:190)
at org.openqa.selenium.remote.service.DriverCommandExecutor.invokeExecute(DriverCommandExecutor.java:216)
at org.openqa.selenium.remote.service.DriverCommandExecutor.execute(DriverCommandExecutor.java:174)
at org.openqa.selenium.remote.RemoteWebDriver.execute(RemoteWebDriver.java:518)
at org.openqa.selenium.remote.RemoteWebElement.execute(RemoteWebElement.java:223)
at org.openqa.selenium.remote.RemoteWebElement.click(RemoteWebElement.java:76)
at com.js.pages.BasePage.click(BasePage.java:18)
at com.js.pages.AddressPage.addCountry(AddressPage.java:30)
at com.js.tests.AddressPageTest.testAddressPage(AddressPageTest.java:14)
at java.base/jdk.internal.reflect.NativeMethodAccessorImpl.invoke0(Native Method)
at java.base/jdk.internal.reflect.NativeMethodAccessorImpl.invoke(NativeMethodAccessorImpl.java:77)
at java.base/jdk.internal.reflect.DelegatingMethodAccessorImpl.invoke(DelegatingMethodAccessorImpl.java:43)
at java.base/java.lang.reflect.Method.invoke(Method.java:568)
at org.testng.internal.invokers.MethodInvocationHelper.invokeMethod(MethodInvocationHelper.java:139)
at org.testng.internal.invokers.TestInvoker.invokeMethod(TestInvoker.java:664)
at org.testng.internal.invokers.TestInvoker.invokeTestMethod(TestInvoker.java:228)
at org.testng.internal.invokers.MethodRunner.runInSequence(MethodRunner.java:63)
at org.testng.internal.invokers.TestInvoker$MethodInvocationAgent.invoke(TestInvoker.java:961)
at org.testng.internal.invokers.TestInvoker.invokeTestMethods(TestInvoker.java:201)
at org.testng.internal.invokers.TestMethodWorker.invokeTestMethods(TestMethodWorker.java:148)
at org.testng.internal.invokers.TestMethodWorker.run(TestMethodWorker.java:128)
at java.base/java.util.ArrayList.forEach(ArrayList.java:1511)
at org.testng.TestRunner.privateRun(TestRunner.java:819)
at org.testng.TestRunner.run(TestRunner.java:619)
at org.testng.SuiteRunner.runTest(SuiteRunner.java:443)
at org.testng.SuiteRunner.runSequentially(SuiteRunner.java:437)
at org.testng.SuiteRunner.privateRun(SuiteRunner.java:397)
at org.testng.SuiteRunner.run(SuiteRunner.java:336)
at org.testng.SuiteRunnerWorker.runSuite(SuiteRunnerWorker.java:52)
at org.testng.SuiteRunnerWorker.run(SuiteRunnerWorker.java:95)
at org.testng.TestNG.runSuitesSequentially(TestNG.java:1301)
at org.testng.TestNG.runSuitesLocally(TestNG.java:1228)
at org.testng.TestNG.runSuites(TestNG.java:1134)
at org.testng.TestNG.run(TestNG.java:1101)
at org.testng.remote.AbstractRemoteTestNG.run(AbstractRemoteTestNG.java:115)
at org.testng.remote.RemoteTestNG.initAndRun(RemoteTestNG.java:251)
at org.testng.remote.RemoteTestNG.main(RemoteTestNG.java:77)
]]>
            </full-stacktrace>
          </exception> <!-- org.openqa.selenium.ElementClickInterceptedException -->
          <reporter-output>
          </reporter-output>
        </test-method> <!-- testAddressPage -->
      </class> <!-- com.js.tests.AddressPageTest -->
    </test> <!-- Address Page Test Case -->
    <test started-at="2024-07-12T22:41:22 IST" name="Delivery Option Page Test Case" finished-at="2024-07-12T22:41:22 IST" duration-ms="1">
    </test> <!-- Delivery Option Page Test Case -->
    <test started-at="2024-07-12T22:41:22 IST" name="Payment Page Test Case" finished-at="2024-07-12T22:41:22 IST" duration-ms="2">
    </test> <!-- Payment Page Test Case -->
  </suite> <!-- Suite -->
</testng-results>
